<?xml version="1.0" encoding="UTF-8"?>
<!-- Generated by org.testng.reporters.JUnitReportReporter -->
<testsuite hostname="Dhanush" failures="0" tests="1" name="SearchAndaddtoCart.SearchandAddToCartTest" time="14.812" errors="0" timestamp="2022-10-01T14:18:50 IST" skipped="0">
  <testcase classname="SearchAndaddtoCart.SearchandAddToCartTest" name="f" time="14.812"/>
</testsuite> <!-- SearchAndaddtoCart.SearchandAddToCartTest -->
