<?xml version="1.0" encoding="UTF-8"?>
<!-- Generated by org.testng.reporters.JUnitReportReporter -->
<testsuite hostname="Dhanush" failures="0" tests="1" name="PositiveTest.LoginTest" time="5.567" errors="0" timestamp="2022-10-01T14:40:28 IST" skipped="0">
  <testcase classname="PositiveTest.LoginTest" name="f" time="5.567"/>
</testsuite> <!-- PositiveTest.LoginTest -->
