<?xml version="1.0" encoding="UTF-8"?>
<!-- Generated by org.testng.reporters.JUnitReportReporter -->
<testsuite hostname="Dhanush" failures="0" tests="7" name="com.demo.FlipkartTestEdge" time="40.702" errors="0" timestamp="2022-10-11T22:21:11 IST" skipped="0">
  <testcase classname="com.demo.FlipkartTestEdge" name="closeLogin" time="2.679"/>
  <system-out/>
  <testcase classname="com.demo.FlipkartTestEdge" name="scroll" time="7.053"/>
  <system-out/>
  <testcase classname="com.demo.FlipkartTestEdge" name="searchProduct" time="5.870"/>
  <system-out/>
  <testcase classname="com.demo.FlipkartTestEdge" name="loadImage" time="14.242"/>
  <system-out/>
  <testcase classname="com.demo.FlipkartTestEdge" name="scrollFrequency" time="2.558"/>
  <system-out/>
  <testcase classname="com.demo.FlipkartTestEdge" name="downloadImages" time="0.349"/>
  <system-out/>
  <testcase classname="com.demo.FlipkartTestEdge" name="screenResolution" time="7.951"/>
  <system-out/>
</testsuite> <!-- com.demo.FlipkartTestEdge -->
