<?xml version="1.0" encoding="UTF-8"?>
<!-- Generated by org.testng.reporters.JUnitReportReporter -->
<testsuite hostname="Dhanush" failures="0" tests="7" name="com.demo.FlipkartTestChrome" time="33.355" errors="0" timestamp="2022-10-11T22:19:42 IST" skipped="0">
  <testcase classname="com.demo.FlipkartTestChrome" name="closeLogin" time="2.167"/>
  <system-out/>
  <testcase classname="com.demo.FlipkartTestChrome" name="scroll" time="6.998"/>
  <system-out/>
  <testcase classname="com.demo.FlipkartTestChrome" name="searchProduct" time="5.805"/>
  <system-out/>
  <testcase classname="com.demo.FlipkartTestChrome" name="loadImage" time="7.522"/>
  <system-out/>
  <testcase classname="com.demo.FlipkartTestChrome" name="scrollFrequency" time="2.528"/>
  <system-out/>
  <testcase classname="com.demo.FlipkartTestChrome" name="downloadImages" time="0.373"/>
  <system-out/>
  <testcase classname="com.demo.FlipkartTestChrome" name="screenResolution" time="7.962"/>
  <system-out/>
</testsuite> <!-- com.demo.FlipkartTestChrome -->
