<?xml version="1.0" encoding="UTF-8"?>
<!-- Generated by org.testng.reporters.JUnitReportReporter -->
<testsuite hostname="Dhanush" failures="0" tests="4" name="LoginForm.LoginFormTest" time="9.077" errors="0" timestamp="2022-10-01T13:30:33 IST" skipped="0">
  <testcase classname="LoginForm.LoginFormTest" name="btestUserInput" time="2.346"/>
  <testcase classname="LoginForm.LoginFormTest" name="detestLink" time="2.199"/>
  <testcase classname="LoginForm.LoginFormTest" name="dtestCheckBox" time="2.186"/>
  <testcase classname="LoginForm.LoginFormTest" name="ctestUserPassword" time="2.346"/>
</testsuite> <!-- LoginForm.LoginFormTest -->
